<?xml version="1.0" encoding="UTF-8"?>
<testng-results ignored="0" total="1" passed="1" failed="0" skipped="0">
  <reporter-output>
  </reporter-output>
  <suite started-at="2021-10-14T13:12:57 IST" name="Default suite" finished-at="2021-10-14T13:13:23 IST" duration-ms="25788">
    <groups>
    </groups>
    <test started-at="2021-10-14T13:12:57 IST" name="Default test" finished-at="2021-10-14T13:13:23 IST" duration-ms="25788">
      <class name="canvas.NewTest">
        <test-method is-config="true" signature="setupTest()[pri:0, instance:canvas.NewTest@5a56cdac]" started-at="2021-10-14T13:12:57 IST" name="setupTest" finished-at="2021-10-14T13:13:14 IST" duration-ms="16912" status="PASS">
          <reporter-output>
          </reporter-output>
        </test-method> <!-- setupTest -->
        <test-method signature="drawLine()[pri:0, instance:canvas.NewTest@5a56cdac]" started-at="2021-10-14T13:13:14 IST" name="drawLine" finished-at="2021-10-14T13:13:22 IST" duration-ms="7614" status="PASS">
          <reporter-output>
          </reporter-output>
        </test-method> <!-- drawLine -->
        <test-method is-config="true" signature="tearDownMethod()[pri:0, instance:canvas.NewTest@5a56cdac]" started-at="2021-10-14T13:13:22 IST" name="tearDownMethod" finished-at="2021-10-14T13:13:23 IST" duration-ms="1179" status="PASS">
          <reporter-output>
          </reporter-output>
        </test-method> <!-- tearDownMethod -->
      </class> <!-- canvas.NewTest -->
    </test> <!-- Default test -->
  </suite> <!-- Default suite -->
</testng-results>
